Cygwin Package Information
Package                                 Version                Status
_autorebase                             001003-1               OK
_update-info-dir                        03000-1                OK
adwaita-icon-theme                      3.18.0-1               OK
alternatives                            1.3.30c-10             OK
autoconf                                13-1                   OK
autoconf2.1                             2.13-12                OK
autoconf2.5                             2.69-3                 OK
automake                                9-1                    OK
automake1.10                            1.10.3-2               OK
automake1.11                            1.11.6-2               OK
automake1.12                            1.12.6-2               OK
automake1.13                            1.13.4-1               OK
automake1.14                            1.14.1-2               OK
automake1.15                            1.15-1                 OK
automake1.4                             1.4p6-11               OK
automake1.5                             1.5-11                 OK
automake1.6                             1.6.3-12               OK
automake1.7                             1.7.9-11               OK
automake1.8                             1.8.5-11               OK
automake1.9                             1.9.6-11               OK
base-cygwin                             3.8-1                  OK
base-files                              4.2-4                  OK
bash                                    4.3.42-4               OK
binutils                                2.25-4                 OK
bison                                   3.0.4-1                OK
bsdcpio                                 3.1.2-3                OK
bzip2                                   1.0.6-2                OK
ca-certificates                         2.6-1                  OK
coreutils                               8.24-3                 OK
crypt                                   1.1-1                  OK
csih                                    0.9.9-1                OK
ctags                                   5.8-1                  OK
curl                                    7.47.0-2               OK
cvs                                     1.11.23-2              OK
cvsps                                   2.2b1-2                OK
cygrunsrv                               1.62-1                 OK
cygutils                                1.4.15-2               OK
cygutils-x11                            1.4.15-2               OK
cygwin                                  2.4.1-1                OK
cygwin-devel                            2.4.1-1                OK
damageproto                             1.2.1-1                OK
dash                                    0.5.8-3                OK
dbus                                    1.8.16-1               OK
desktop-file-utils                      0.22-1                 OK
diffutils                               3.3-3                  OK
dos2unix                                7.3.2-1                OK
dri-drivers                             11.0.9-1               OK
editrights                              1.03-1                 OK
file                                    5.25-1                 OK
findutils                               4.5.12-1               OK
fixesproto                              5.0-1                  OK
flex                                    2.5.39-1               OK
font-adobe-dpi100                       7.5-2                  OK
font-adobe-dpi75                        7.5-2                  OK
font-alias                              7.5-2                  OK
font-encodings                          7.5-2                  OK
font-misc-misc                          7.5-2                  OK
fontconfig                              2.11.1-3               OK
fontsproto                              2.1.3-1                OK
gamin                                   0.1.10-15              OK
gawk                                    4.1.3-1                OK
gcc-core                                4.9.3-1                OK
gcc-g++                                 4.9.3-1                OK
gdb                                     7.10.1-1               OK
gdbm                                    1.11-1                 OK
getent                                  2.18.90-4              OK
gettext                                 0.19.5.1-2             OK
gettext-devel                           0.19.5.1-2             OK
git                                     2.7.0-1                OK
glproto                                 1.4.17-1               OK
gnome-icon-theme                        3.10.0-1               OK
grep                                    2.21-2                 OK
groff                                   1.22.3-1               OK
gsettings-desktop-schemas               3.18.1-1               OK
gtk-update-icon-cache                   3.18.7-1               OK
gvim                                    7.4.1278-1             OK
gzip                                    1.6-1                  OK
heimdal                                 1.12.1-1               OK
hicolor-icon-theme                      0.12-1                 OK
hostname                                3.13-1                 OK
info                                    6.1-1                  OK
inputproto                              2.3.1-1                OK
ipc-utils                               1.0-2                  OK
iso-codes                               3.63-1                 OK
kbproto                                 1.0.7-1                OK
krb5-workstation                        1.13.2-4               OK
less                                    481-1                  OK
liba52_0                                0.7.4-10               OK
libarchive13                            3.1.2-3                OK
libargp                                 20110921-2             OK
libasn1_8                               1.5.3-1                OK
libasprintf0                            0.19.5.1-2             OK
libass4                                 0.10.1-1               OK
libasyncns0                             0.8-1                  OK
libatk1.0_0                             2.18.0-1               OK
libatomic1                              4.9.3-1                OK
libattr1                                2.4.46-1               OK
libautotrace3                           0.31.1-16              OK
libav-devel                             1.2.3-1                OK
libavbin-devel                          10-2                   OK
libavbin1                               10-2                   OK
libavcodec54                            1.2.3-1                OK
libavdevice54                           1.2.3-1                OK
libavfilter3                            1.2.3-1                OK
libavformat54                           1.2.3-1                OK
libavutil52                             1.2.3-1                OK
libblkid1                               2.25.2-2               OK
libbluray1                              0.2.2-1                OK
libboost-devel                          1.58.0-1               OK
libboost1.53                            1.53.0-2               OK
libboost_atomic1.57                     1.57.0-1               OK
libboost_atomic1.58                     1.58.0-1               OK
libboost_chrono1.57                     1.57.0-1               OK
libboost_chrono1.58                     1.58.0-1               OK
libboost_container1.57                  1.57.0-1               OK
libboost_container1.58                  1.58.0-1               OK
libboost_context1.57                    1.57.0-1               OK
libboost_context1.58                    1.58.0-1               OK
libboost_coroutine1.57                  1.57.0-1               OK
libboost_coroutine1.58                  1.58.0-1               OK
libboost_date_time1.57                  1.57.0-1               OK
libboost_date_time1.58                  1.58.0-1               OK
libboost_filesystem1.57                 1.57.0-1               OK
libboost_filesystem1.58                 1.58.0-1               OK
libboost_graph1.57                      1.57.0-1               OK
libboost_graph1.58                      1.58.0-1               OK
libboost_iostreams1.57                  1.57.0-1               OK
libboost_iostreams1.58                  1.58.0-1               OK
libboost_locale1.57                     1.57.0-1               OK
libboost_locale1.58                     1.58.0-1               OK
libboost_log1.57                        1.57.0-1               OK
libboost_log1.58                        1.58.0-1               OK
libboost_math1.57                       1.57.0-1               OK
libboost_math1.58                       1.58.0-1               OK
libboost_program_options1.57            1.57.0-1               OK
libboost_program_options1.58            1.58.0-1               OK
libboost_random1.57                     1.57.0-1               OK
libboost_random1.58                     1.58.0-1               OK
libboost_regex1.57                      1.57.0-1               OK
libboost_regex1.58                      1.58.0-1               OK
libboost_serialization1.57              1.57.0-1               OK
libboost_serialization1.58              1.58.0-1               OK
libboost_signals1.57                    1.57.0-1               OK
libboost_signals1.58                    1.58.0-1               OK
libboost_system1.57                     1.57.0-1               OK
libboost_system1.58                     1.58.0-1               OK
libboost_test1.57                       1.57.0-1               OK
libboost_test1.58                       1.58.0-1               OK
libboost_thread1.57                     1.57.0-1               OK
libboost_thread1.58                     1.58.0-1               OK
libboost_timer1.57                      1.57.0-1               OK
libboost_timer1.58                      1.58.0-1               OK
libboost_wave1.57                       1.57.0-1               OK
libboost_wave1.58                       1.58.0-1               OK
libbz2_1                                1.0.6-2                OK
libcairo2                               1.14.4-1               OK
libcatgets1                             1.1-2                  OK
libcdio14                               0.90-1                 OK
libcdio16                               0.93-2                 OK
libcdio_cdda1                           10.2+0.90-1            OK
libcdio_paranoia1                       10.2+0.90-1            OK
libcelt0_2                              0.11.3-1               OK
libcharset1                             1.14-3                 OK
libcloog-isl4                           0.18.0-2               OK
libcom_err-devel                        1.42.12-2              OK
libcom_err2                             1.42.12-2              OK
libcroco0.6_3                           0.6.9-1                OK
libcrypt-devel                          1.1-1                  OK
libcrypt0                               1.1-1                  OK
libcurl-devel                           7.47.0-2               OK
libcurl4                                7.47.0-2               OK
libdatrie1                              0.2.8-1                OK
libdb-devel                             5.3.21-1               OK
libdb5.3                                5.3.21-1               OK
libdbus1_3                              1.8.16-1               OK
libdca0                                 0.0.5-10               OK
libdvdnav4                              5.0.3-1                OK
libdvdread4                             5.0.3-1                OK
libedit-devel                           20130712-1             OK
libedit0                                20130712-1             OK
libEGL1                                 11.0.9-1               OK
libEMF1                                 1.0.7-1                OK
libevent2.0_5                           2.0.22-1               OK
libexpat1                               2.1.0-3                OK
libfaad2                                2.7-10                 OK
libfam0                                 0.1.10-15              OK
libffi6                                 3.2.1-2                OK
libfftw3_3                              3.3.4-2                OK
libFLAC8                                1.3.1-1                OK
libfontconfig1                          2.11.1-3               OK
libfontenc1                             1.1.3-1                OK
libfpx1                                 1.3.1.4-1              OK
libfreetype6                            2.5.5-2                OK
libfribidi0                             0.19.2-1               OK
libgcc1                                 4.9.3-1                OK
libgd2                                  2.0.36RC1-1            OK
libgd3                                  2.1.1-1                OK
libgdbm4                                1.11-1                 OK
libgdk_pixbuf2.0_0                      2.32.2-1               OK
libgettextpo0                           0.19.5.1-2             OK
libgif4                                 4.1.6-12               OK
libGL-devel                             11.0.9-1               OK
libGL1                                  11.0.9-1               OK
libglapi0                               11.0.9-1               OK
libglib2.0_0                            2.46.2-2               OK
libGLU-devel                            9.0.0-1                OK
libGLU1                                 9.0.0-1                OK
libgmp10                                6.1.0-3p1              OK
libgnutls28                             3.3.17-1               OK
libgomp1                                4.9.3-1                OK
libgraphite2_3                          1.2.3-1                OK
libgs9                                  9.15-2                 OK
libgsm1                                 1.0.13-3               OK
libgssapi3                              1.5.3-1                OK
libgssapi_krb5_2                        1.13.2-4               OK
libgssrpc4                              1.13.2-4               OK
libgstinterfaces0.10_0                  0.10.36-3              OK
libgstinterfaces1.0_0                   1.6.1-1                OK
libgstreamer0.10_0                      0.10.36-2              OK
libgstreamer1.0_0                       1.6.1-1                OK
libgtk2.0_0                             2.24.29-1              OK
libguile17                              1.8.8-1                OK
libharfbuzz0                            1.0.6-1                OK
libhdb9                                 1.5.3-1                OK
libheimbase1                            1.5.3-1                OK
libheimntlm0                            1.5.3-1                OK
libhogweed2                             2.7-2                  OK
libhx509_5                              1.5.3-1                OK
libICE6                                 1.0.9-1                OK
libiconv                                1.14-3                 OK
libiconv-devel                          1.14-3                 OK
libiconv2                               1.14-3                 OK
libicu-devel                            56.1-1                 OK
libicu51                                51.2-1                 OK
libicu55                                55.1-1                 OK
libicu56                                56.1-1                 OK
libidn-devel                            1.29-1                 OK
libidn11                                1.29-1                 OK
libilbc1                                1.1.1-1                OK
libilmbase12                            2.2.0-1                OK
libilmbase7                             1.0.3-1                OK
libIlmImf22                             2.2.0-1                OK
libIlmImf7                              1.7.1-1                OK
libintl-devel                           0.19.5.1-2             OK
libintl8                                0.19.5.1-2             OK
libiodbc-devel                          3.52.8-2               OK
libiodbc2                               3.52.8-2               OK
libisl10                                0.11.1-2               OK
libisl13                                0.14.1-1               OK
libiso9660_10                           0.93-2                 OK
libiso9660_8                            0.90-1                 OK
libjasper1                              1.900.1-15             OK
libjbig2                                2.0-14                 OK
libjpeg-devel                           1.4.2-1                OK
libjpeg8                                1.4.2-1                OK
libjson-c-common                        0.12-1                 OK
libjson-c2                              0.12-1                 OK
libk5crypto3                            1.13.2-4               OK
libkadm5clnt7                           1.5.3-1                OK
libkadm5clnt_mit9                       1.13.2-4               OK
libkadm5srv8                            1.5.3-1                OK
libkadm5srv_mit9                        1.13.2-4               OK
libkafs0                                1.5.3-1                OK
libkdb5_7                               1.12.2-1               OK
libkdb5_8                               1.13.2-4               OK
libkdc2                                 1.5.3-1                OK
libkrad0                                1.13.2-4               OK
libkrb5-devel                           1.13.2-4               OK
libkrb5_26                              1.5.3-1                OK
libkrb5_3                               1.13.2-4               OK
libkrb5support0                         1.13.2-4               OK
liblcms1                                1.19-5                 OK
liblcms2_2                              2.6-1                  OK
libllvm3.5                              3.5.2-1                OK
libltdl7                                2.4.6-2                OK
liblzma5                                5.2.2-1                OK
liblzo2_2                               2.08-1                 OK
libmad0                                 0.15.1b-10             OK
libMagickC++6_5                         6.9.0.0-4              OK
libMagickCore5                          6.7.6.3-4              OK
libMagickCore6_2                        6.9.1.3-3              OK
libMagickWand6_2                        6.9.1.3-3              OK
libmetalink3                            0.1.2-1                OK
libming1                                0.4.7-1                OK
libmng1                                 1.0.10-1               OK
libmodplug1                             0.8.8.5-2              OK
libmp3lame0                             3.99.5-1               OK
libmpc3                                 1.0.3-1                OK
libmpcdec7                              475-1                  OK
libmpfr4                                3.1.3-1                OK
libncurses-devel                        6.0-2.20160123         OK
libncursesw-devel                       6.0-2.20160123         OK
libncursesw10                           6.0-2.20160123         OK
libnettle4                              2.7-2                  OK
libnghttp2_14                           1.6.0-1                OK
libogg0                                 1.3.1-1                OK
libopenal1                              1.15.1-1               OK
libopencore-amrnb0                      0.1.3-1                OK
libopencore-amrwb0                      0.1.3-1                OK
libopencv2.4                            2.4.11-1               OK
libopenjpeg1                            1.5.2-2                OK
libopenldap2_4_2                        2.4.42-1               OK
libopenssl100                           1.0.2f-1               OK
libopus0                                1.0.3-1                OK
liborc0.4_0                             0.4.23-1               OK
libotp0                                 1.5.3-1                OK
libp11-kit0                             0.22.1-1               OK
libpango1.0_0                           1.38.1-1               OK
libpaper-common                         1.1.24-2               OK
libpaper1                               1.1.24-2               OK
libpcre1                                8.38-1                 OK
libpipeline1                            1.4.0-1                OK
libpixman1-devel                        0.32.8-1               OK
libpixman1_0                            0.32.8-1               OK
libplotter2                             2.6-4                  OK
libpng15                                1.5.22-1               OK
libpng16                                1.6.20-1               OK
libpopt0                                1.16-1                 OK
libportaudio2                           19.20140130-1          OK
libpostproc52                           1.2.3-1                OK
libpstoedit0                            3.70-1                 OK
libpulse-simple0                        7.1-1                  OK
libpulse0                               7.1-1                  OK
libquadmath0                            4.9.3-1                OK
libreadline7                            6.3.8-1                OK
libroken18                              1.5.3-1                OK
librsvg2_2                              2.40.11-1              OK
librtmp0                                2.3-2                  OK
libsasl2-devel                          2.1.26-9               OK
libsasl2_3                              2.1.26-9               OK
libschroedinger1.0_0                    1.0.11-1               OK
libSDL1.2_0                             1.2.15-3               OK
libsigsegv2                             2.10-2                 OK
libsl0                                  1.5.3-1                OK
libSM6                                  1.2.2-1                OK
libsmartcols1                           2.25.2-2               OK
libsndfile1                             1.0.25-4               OK
libspeex1                               1.2rc1-1               OK
libsqlite3-devel                        3.10.1-1               OK
libsqlite3_0                            3.10.1-1               OK
libss2                                  1.42.12-2              OK
libssh2-devel                           1.5.0-1                OK
libssh2_1                               1.5.0-1                OK
libssp0                                 4.9.3-1                OK
libstdc++6                              4.9.3-1                OK
libswresample0                          1.2.3-1                OK
libswscale2                             1.2.3-1                OK
libtasn1_6                              4.7-1                  OK
libthai0                                0.1.21-1               OK
libtheora                               1.1.1-2                OK
libtheora0                              1.1.1-2                OK
libtheoradec1                           1.1.1-2                OK
libtheoraenc1                           1.1.1-2                OK
libtiff5                                3.9.7-4                OK
libtiff6                                4.0.6-1                OK
libtwolame0                             0.3.13-1               OK
libunistring0                           0.9.3-2                OK
libunistring2                           0.9.6-1                OK
libustr1                                1.0.4-12               OK
libuuid-devel                           2.25.2-2               OK
libuuid1                                2.25.2-2               OK
libvcdinfo0                             0.7.24-3               OK
libverto1                               0.2.6-1                OK
libvo-aacenc0                           0.1.3-1                OK
libvo-amrwbenc0                         0.1.3-1                OK
libvorbis                               1.3.5-1                OK
libvorbis0                              1.3.5-1                OK
libvorbisenc2                           1.3.5-1                OK
libvpx1                                 1.3.0-2                OK
libvtv0                                 4.9.3-1                OK
libwavpack1                             4.60.1-1               OK
libwebp5                                0.4.3-1                OK
libwind0                                1.5.3-1                OK
libwrap0                                7.6-22                 OK
libX11-devel                            1.6.3-1                OK
libX11-xcb-devel                        1.6.3-1                OK
libX11-xcb1                             1.6.3-1                OK
libX11_6                                1.6.3-1                OK
libx264_136                             20130917-1             OK
libXau-devel                            1.0.8-1                OK
libXau6                                 1.0.8-1                OK
libXaw7                                 1.0.13-1               OK
libxcb-composite0                       1.11.1-1               OK
libxcb-devel                            1.11.1-1               OK
libxcb-ewmh2                            0.4.1-1                OK
libxcb-glx-devel                        1.11.1-1               OK
libxcb-glx0                             1.11.1-1               OK
libxcb-icccm4                           0.4.1-1                OK
libxcb-image0                           0.3.9-1                OK
libxcb-render0                          1.11.1-1               OK
libxcb-shape0                           1.11.1-1               OK
libxcb-shm0                             1.11.1-1               OK
libxcb-util1                            0.3.9-1                OK
libxcb1                                 1.11.1-1               OK
libXcomposite1                          0.4.3-1                OK
libXcursor1                             1.1.14-1               OK
libXdamage-devel                        1.1.4-1                OK
libXdamage1                             1.1.4-1                OK
libXdmcp-devel                          1.1.2-1                OK
libXdmcp6                               1.1.2-1                OK
libXext-devel                           1.3.3-1                OK
libXext6                                1.3.3-1                OK
libXfixes-devel                         5.0.1-1                OK
libXfixes3                              5.0.1-1                OK
libXfont1                               1.5.1-1                OK
libXft2                                 2.3.2-1                OK
libXi6                                  1.7.6-1                OK
libxine-devel                           1.2.3-1                OK
libxine2                                1.2.3-1                OK
libXinerama-devel                       1.1.3-1                OK
libXinerama1                            1.1.3-1                OK
libxkbfile1                             1.0.9-1                OK
libxml2                                 2.9.3-1                OK
libXmu6                                 1.1.2-1                OK
libXmuu1                                1.1.2-1                OK
libXpm4                                 3.5.11-1               OK
libXrandr-devel                         1.5.0-1                OK
libXrandr2                              1.5.0-1                OK
libXrender-devel                        0.9.9-1                OK
libXrender1                             0.9.9-1                OK
libXss1                                 1.2.2-1                OK
libXt6                                  1.1.5-1                OK
libzip2                                 0.11.2-2               OK
login                                   1.11-1                 OK
luit                                    20130217-1             OK
lynx                                    2.8.7-2                OK
m4                                      1.4.17-2               OK
make                                    4.1-1                  OK
man                                     2.7.4-1                OK
man-db                                  2.7.4-1                OK
mesa                                    11.0.9-1               OK
mingw64-x86_64-binutils                 2.25.0.1.23f238d-1     OK
mingw64-x86_64-bzip2                    1.0.6-4                OK
mingw64-x86_64-gcc-core                 4.9.2-2                OK
mingw64-x86_64-gcc-g++                  4.9.2-2                OK
mingw64-x86_64-headers                  4.0.4-1                OK
mingw64-x86_64-pthreads                 20100619-5             OK
mingw64-x86_64-runtime                  4.0.4-1                OK
mingw64-x86_64-windows-default-manifest 6.4-1                  OK
mingw64-x86_64-winpthreads              4.0.4-1                OK
mingw64-x86_64-xz                       5.2.1-1                OK
mingw64-x86_64-zlib                     1.2.8-4                OK
mintty                                  2.2.3-0                OK
mkfontdir                               1.0.7-1                OK
mkfontscale                             1.1.1-1                OK
nasm                                    2.10.07-1              OK
ncurses                                 6.0-2.20160123         OK
openldap                                2.4.42-1               OK
openldap-devel                          2.4.42-1               OK
openssh                                 7.1p2-1                OK
openssl                                 1.0.2f-1               OK
openssl-devel                           1.0.2f-1               OK
p11-kit                                 0.22.1-1               OK
p11-kit-trust                           0.22.1-1               OK
patch                                   2.7.4-1                OK
perl                                    5.22.1-1               OK
perl-Carp                               1.38-1                 OK
perl-Error                              0.17024-1              OK
perl-Pod-Simple                         3.32-1                 OK
perl-Term-ReadKey                       2.32-1                 OK
perl-TermReadKey                        2.33-1                 OK
perl-Unicode-Normalize                  1.25-1                 OK
perl_autorebase                         5.22.1-1               OK
perl_base                               5.22.1-1               OK
pkg-config                              0.29-1                 OK
popt                                    1.16-1                 OK
presentproto                            1.0-1                  OK
python                                  2.7.10-1               OK
python-tkinter                          2.7.10-1               OK
python3                                 3.4.3-1                OK
randrproto                              1.5.0-1                OK
rebase                                  4.4.1-1                OK
renderproto                             0.11.1-1               OK
resourceproto                           1.2.0-1                OK
rsync                                   3.1.2-1                OK
run                                     1.3.4-2                OK
scrnsaverproto                          1.2.2-2                OK
sed                                     4.2.2-3                OK
shared-mime-info                        1.5-1                  OK
sharutils                               4.15.2-1               OK
tar                                     1.28-1                 OK
tcl                                     8.5.18-1               OK
tcl-tix                                 8.4.3-2                OK
tcl-tk                                  8.5.18-1               OK
tcsh                                    6.19.00-2              OK
terminfo                                6.0-2.20160123         OK
texinfo                                 6.1-1                  OK
tzcode                                  2016a-1                OK
unzip                                   6.0-15                 OK
util-linux                              2.25.2-2               OK
vim                                     7.4.1278-1             OK
vim-common                              7.4.1278-1             OK
vim-minimal                             7.4.1278-1             OK
w32api-headers                          4.0.4-1                OK
w32api-runtime                          4.0.4-1                OK
wget                                    1.17.1-1               OK
which                                   2.20-2                 OK
windows-default-manifest                6.4-1                  OK
xauth                                   1.0.9-1                OK
xcursor-themes                          1.0.4-1                OK
xextproto                               7.3.0-1                OK
xf86-video-dummy                        0.3.7-4                OK
xf86-video-nested                       0.1.0-7                OK
xf86bigfontproto                        1.2.0-1                OK
xhost                                   1.0.7-1                OK
xineramaproto                           1.2.1-1                OK
xkbcomp                                 1.3.1-1                OK
xkeyboard-config                        2.17-1                 OK
xorg-server                             1.18.0-2               OK
xorg-server-common                      1.18.0-2               OK
xorg-server-devel                       1.18.0-2               OK
xorg-x11-fonts-dpi100                   7.5-2                  OK
xorg-x11-fonts-dpi75                    7.5-2                  OK
xorg-x11-fonts-misc                     7.5-2                  OK
xproto                                  7.0.28-1               OK
xrandr                                  1.4.3-1                OK
xterm                                   320-1                  OK
xwininfo                                1.1.3-1                OK
xxd                                     7.4.1278-1             OK
xz                                      5.2.2-1                OK
zip                                     3.0-12                 OK
zlib                                    1.2.8-3                OK
zlib-devel                              1.2.8-3                OK
zlib0                                   1.2.8-3                OK
