adwaita-icon-theme
alternatives
autoconf
autoconf2.1
autoconf2.5
automake
automake1.10
automake1.11
automake1.12
automake1.13
automake1.14
automake1.15
automake1.4
automake1.5
automake1.6
automake1.7
automake1.8
automake1.9
_autorebase
base-cygwin
base-files
bash
binutils
bison
bsdcpio
bzip2
ca-certificates
coreutils
crypt
csih
ctags
curl
cvs
cvsps
cygrunsrv
cygutils
cygutils-x11
cygwin
cygwin-devel
cygwin-doc
damageproto
dash
dbus
desktop-file-utils
diffutils
dos2unix
dri-drivers
e2fsprogs
editrights
expat
file
findutils
fixesproto
flex
font-adobe-dpi100
font-adobe-dpi75
font-alias
font-bitstream-dpi75
fontconfig
font-encodings
font-misc-misc
fontsproto
gamin
gawk
gcc-core
gcc-g++
gdb
gdbm
getent
gettext
gettext-devel
git
glproto
gnome-icon-theme
grep
groff
gsettings-desktop-schemas
gtk-update-icon-cache
gvim
gzip
heimdal
hicolor-icon-theme
hostname
inetutils
info
inputproto
ipc-utils
iso-codes
kbproto
krb5-workstation
less
lftp
liba52_0
libarchive13
libargp
libasn1_8
libasprintf0
libass4
libasyncns0
libatk1.0_0
libatomic1
libattr1
libautotrace3
libavbin1
libavbin-devel
libavcodec54
libav-devel
libavdevice54
libavfilter3
libavformat54
libavutil52
libblkid1
libbluray1
libboost1.53
libboost_atomic1.57
libboost_atomic1.58
libboost_chrono1.57
libboost_chrono1.58
libboost_container1.57
libboost_container1.58
libboost_context1.57
libboost_context1.58
libboost_coroutine1.57
libboost_coroutine1.58
libboost_date_time1.57
libboost_date_time1.58
libboost-devel
libboost_filesystem1.57
libboost_filesystem1.58
libboost_graph1.57
libboost_graph1.58
libboost_iostreams1.57
libboost_iostreams1.58
libboost_locale1.57
libboost_locale1.58
libboost_log1.57
libboost_log1.58
libboost_math1.57
libboost_math1.58
libboost_program_options1.57
libboost_program_options1.58
libboost_random1.57
libboost_random1.58
libboost_regex1.57
libboost_regex1.58
libboost_serialization1.57
libboost_serialization1.58
libboost_signals1.57
libboost_signals1.58
libboost_system1.57
libboost_system1.58
libboost_test1.57
libboost_test1.58
libboost_thread1.57
libboost_thread1.58
libboost_timer1.57
libboost_timer1.58
libboost_wave1.57
libboost_wave1.58
libbz2_1
libcairo2
libcatgets1
libcdio14
libcdio16
libcdio_cdda1
libcdio_paranoia1
libcelt0_2
libcharset1
libcloog-isl4
libcom_err2
libcom_err-devel
libcroco0.6_3
libcrypt0
libcrypt-devel
libcurl4
libcurl-devel
libdatrie1
libdb5.3
libdb-devel
libdbus1_3
libdca0
libdvdnav4
libdvdread4
libe2p2
libedit0
libedit-devel
libEGL1
libEMF1
libevent2.0_5
libexpat1
libexpat1-devel
libext2fs2
libfaad2
libfam0
libffi6
libfftw3_3
libFLAC8
libfontconfig1
libfontenc1
libfpx1
libfreetype6
libfribidi0
libgcc1
libgcrypt11
libgd2
libgd3
libgdbm4
libgdbm-devel
libgdk_pixbuf2.0_0
libgettextpo0
libgif4
libGL1
libglapi0
libGL-devel
libglib2.0_0
libglitz1
libGLU1
libGLU-devel
libglut3
libgmp10
libgnutls28
libgomp1
libgpg-error0
libgraphite2_3
libgs9
libgsm1
libgssapi3
libgssapi_krb5_2
libgssrpc4
libgstinterfaces0.10_0
libgstinterfaces1.0_0
libgstreamer0.10_0
libgstreamer1.0_0
libgtk2.0_0
libguile17
libharfbuzz0
libhdb9
libheimbase1
libheimntlm0
libhogweed2
libhx509_5
libICE6
libiconv
libiconv2
libiconv-devel
libicu51
libicu55
libicu56
libicu-devel
libidn11
libidn-devel
libilbc1
libilmbase12
libilmbase7
libIlmImf22
libIlmImf7
libintl8
libintl-devel
libiodbc2
libiodbc-devel
libisl10
libisl13
libiso9660_10
libiso9660_8
libjasper1
libjbig2
libjpeg8
libjpeg-devel
libjson-c2
libjson-c-common
libk5crypto3
libkadm5clnt7
libkadm5clnt_mit9
libkadm5srv8
libkadm5srv_mit9
libkafs0
libkdb5_7
libkdb5_8
libkdc2
libkrad0
libkrb5_26
libkrb5_3
libkrb5-devel
libkrb5support0
liblcms1
liblcms2_2
libllvm3.5
libltdl7
liblzma5
liblzo2_2
libmad0
libMagickC++6_5
libMagickCore5
libMagickCore6_2
libMagickWand6_2
libmetalink3
libming1
libmng1
libmodplug1
libmp3lame0
libmpc3
libmpcdec7
libmpfr4
libncurses-devel
libncursesw10
libncursesw-devel
libnettle4
libnghttp2_14
libogg0
libopenal1
libopencore-amrnb0
libopencore-amrwb0
libopencv2.4
libopenjpeg1
libopenldap2_4_2
libopenssl100
libopus0
liborc0.4_0
libotp0
libp11-kit0
libpango1.0_0
libpaper1
libpaper-common
libpcre1
libpipeline1
libpixman1_0
libpixman1-devel
libplotter2
libpng12-devel
libpng15
libpng16
libpopt0
libportaudio2
libpostproc52
libppl
libpstoedit0
libpulse0
libpulse-simple0
libquadmath0
libreadline7
libroken18
librsvg2_2
librsync1
librtmp0
libsasl2_3
libsasl2-devel
libschroedinger1.0_0
libSDL1.2_0
libsigsegv2
libsl0
libSM6
libsmartcols1
libsndfile1
libspeex1
libsqlite3_0
libsqlite3-devel
libss2
libssh2_1
libssh2-devel
libssp0
libstdc++6
libstdc++6-devel
libswresample0
libswscale2
libtasn1_6
libthai0
libtheora
libtheora0
libtheoradec1
libtheoraenc1
libtiff5
libtiff6
libtiff-devel
libtwolame0
libunistring0
libunistring2
libustr1
libuuid1
libuuid-devel
libvcdinfo0
libverto1
libvo-aacenc0
libvo-amrwbenc0
libvorbis
libvorbis0
libvorbisenc2
libvpx1
libvtv0
libwavpack1
libwebp5
libwind0
libwrap0
libX11_6
libX11-devel
libX11-xcb1
libX11-xcb-devel
libx264_136
libXau6
libXau-devel
libXaw7
libxcb1
libxcb-composite0
libxcb-devel
libxcb-ewmh2
libxcb-glx0
libxcb-glx-devel
libxcb-icccm4
libxcb-image0
libxcb-render0
libxcb-shape0
libxcb-shm0
libxcb-util1
libXcomposite1
libXcursor1
libXdamage1
libXdamage-devel
libXdmcp6
libXdmcp-devel
libXext6
libXext-devel
libXfixes3
libXfixes-devel
libXfont1
libXft2
libXi6
libxine2
libxine-devel
libXinerama1
libXinerama-devel
libxkbfile1
libXm2
libxml2
libXmu6
libXmuu1
libXpm4
libXrandr2
libXrandr-devel
libXrender1
libXrender-devel
libXss1
libXt6
libzip2
lndir
login
luit
lynx
m4
make
man
man-db
mesa
mingw64-x86_64-binutils
mingw64-x86_64-bzip2
mingw64-x86_64-gcc-core
mingw64-x86_64-gcc-g++
mingw64-x86_64-headers
mingw64-x86_64-pthreads
mingw64-x86_64-runtime
mingw64-x86_64-windows-default-manifest
mingw64-x86_64-winpthreads
mingw64-x86_64-xz
mingw64-x86_64-zlib
minires
mintty
mkfontdir
mkfontscale
nasm
ncurses
openldap
openldap-devel
openssh
openssl
openssl-devel
p11-kit
p11-kit-trust
patch
pcre
perl
perl_autorebase
perl_base
perl-Carp
perl-Error
perl-Pod-Simple
perl-TermReadKey
perl-Term-ReadKey
perl-Unicode-Normalize
pkg-config
popt
presentproto
python
python3
python-tkinter
randrproto
rebase
renderproto
resourceproto
rgb
rsync
run
run2
rxvt
scrnsaverproto
sed
shared-mime-info
sharutils
tar
tcl
tcl-tix
tcl-tk
tcsh
terminfo
texinfo
tiff
tzcode
unzip
_update-info-dir
util-linux
vim
vim-common
vim-minimal
w32api-headers
w32api-runtime
wget
which
windows-default-manifest
xauth
xconsole
xcursor-themes
xextproto
xf86bigfontproto
xf86-video-dummy
xf86-video-nested
xhost
xineramaproto
xinit
xkbcomp
xkeyboard-config
xmodmap
xorg-server
xorg-server-common
xorg-server-devel
xorg-x11-fonts-dpi100
xorg-x11-fonts-dpi75
xorg-x11-fonts-misc
xproto
xrandr
xrdb
xterm
xwininfo
xxd
xz
zip
zlib
zlib0
zlib-devel
