adwaita-icon-theme
adwaita-icon-theme                  
adwaita-icon-theme                     
alternatives                        
alternatives                         
autoconf                            
autoconf                              
autoconf2.1                         
autoconf2.1                           
autoconf2.5                         
autoconf2.5                           
automake                            
automake                              
automake1.10                        
automake1.10                          
automake1.11                        
automake1.11                          
automake1.12
automake1.12                        
automake1.12                          
automake1.13
automake1.13                        
automake1.13                          
automake1.14
automake1.14                        
automake1.14                          
automake1.15
automake1.15                        
automake1.15                          
automake1.4                         
automake1.4                           
automake1.5                         
automake1.5                           
automake1.6                         
automake1.6                           
automake1.7                         
automake1.7                           
automake1.8                         
automake1.8                           
automake1.9                         
automake1.9                           
_autorebase
_autorebase                         
_autorebase                            
base-cygwin                         
base-cygwin                           
base-files                          
base-files                            
bash                                
bash                                  
binutils                            
binutils                              
bison
bison                               
bison                                 
bsdcpio
bsdcpio                             
bsdcpio                               
bzip2                               
bzip2                                 
ca-certificates
ca-certificates                     
ca-certificates                       
coreutils                           
coreutils                             
crypt                               
crypt                                 
csih                                
csih                                  
ctags                               
ctags                                 
curl
curl                                
curl                                  
cvs
cvs                                 
cvs                                   
cvsps
cvsps                               
cvsps                                 
cygrunsrv                           
cygrunsrv                             
cygutils                            
cygutils                              
cygutils-x11
cygutils-x11                        
cygutils-x11                          
cygwin                              
cygwin                                
cygwin-devel
cygwin-devel                        
cygwin-devel                          
cygwin-doc
damageproto
damageproto                         
damageproto                           
dash                                
dash                                  
dbus
dbus                                
dbus                                  
desktop-file-utils
desktop-file-utils                  
desktop-file-utils                    
diffutils                           
diffutils                             
dos2unix                            
dos2unix                              
dri-drivers
dri-drivers                         
dri-drivers                           
e2fsprogs
editrights                          
editrights                            
expat
file                                
file                                  
findutils                           
findutils                             
fixesproto
fixesproto                          
fixesproto                            
flex
flex                                
flex                                  
font-adobe-dpi100
font-adobe-dpi100                   
font-adobe-dpi100                     
font-adobe-dpi75                    
font-adobe-dpi75                      
font-alias                          
font-alias                            
font-bitstream-dpi75
fontconfig                          
fontconfig                            
font-encodings                      
font-encodings                        
font-misc-misc                      
font-misc-misc                        
fontsproto
fontsproto                          
fontsproto                            
gamin                               
gamin                                 
gawk                                
gawk                                  
gcc-core                            
gcc-core                              
gcc-g++                             
gcc-g++                               
gdb                                 
gdb                                   
gdbm                                
gdbm                                  
getent
getent                              
getent                                
gettext                             
gettext                              
gettext-devel
gettext-devel                       
gettext-devel                        
git
git                                 
git                                   
glproto
glproto                             
glproto                               
gnome-icon-theme                    
gnome-icon-theme                      
grep                                
grep                                  
groff                               
groff                                 
gsettings-desktop-schemas
gsettings-desktop-schemas           
gsettings-desktop-schemas             
gtk-update-icon-cache
gtk-update-icon-cache               
gtk-update-icon-cache                 
gvim                                
gvim                                 
gzip                                
gzip                                  
heimdal
heimdal                             
heimdal                               
hicolor-icon-theme                  
hicolor-icon-theme                    
hostname
hostname                            
hostname                              
inetutils
info
info                                
info                                  
inputproto
inputproto                          
inputproto                            
ipc-utils                           
ipc-utils                             
iso-codes
iso-codes                           
iso-codes                             
kbproto
kbproto                             
kbproto                               
krb5-workstation
krb5-workstation                    
krb5-workstation                      
less                                
less                                  
lftp
liba52_0
liba52_0                            
liba52_0                              
libarchive13
libarchive13                        
libarchive13                          
libargp
libargp                             
libargp                              
libasn1_8
libasn1_8                           
libasn1_8                             
libasprintf0
libasprintf0                        
libasprintf0                         
libass4
libass4                             
libass4                               
libasyncns0
libasyncns0                         
libasyncns0                           
libatk1.0_0                         
libatk1.0_0                           
libatomic1
libatomic1                          
libatomic1                            
libattr1                            
libattr1                              
libautotrace3
libautotrace3                       
libautotrace3                         
libavbin1
libavbin1                           
libavbin1                             
libavbin-devel
libavbin-devel                      
libavbin-devel                        
libavcodec54
libavcodec54                        
libavcodec54                          
libav-devel
libav-devel                         
libav-devel                           
libavdevice54
libavdevice54                       
libavdevice54                         
libavfilter3
libavfilter3                        
libavfilter3                          
libavformat54
libavformat54                       
libavformat54                         
libavutil52
libavutil52                         
libavutil52                           
libblkid1                           
libblkid1                             
libbluray1
libbluray1                          
libbluray1                            
libboost1.53
libboost1.53                        
libboost1.53                          
libboost_atomic1.57
libboost_atomic1.57                 
libboost_atomic1.57                   
libboost_atomic1.58
libboost_atomic1.58                 
libboost_atomic1.58                   
libboost_chrono1.57
libboost_chrono1.57                 
libboost_chrono1.57                   
libboost_chrono1.58
libboost_chrono1.58                 
libboost_chrono1.58                   
libboost_container1.57
libboost_container1.57              
libboost_container1.57                
libboost_container1.58
libboost_container1.58              
libboost_container1.58                
libboost_context1.57
libboost_context1.57                
libboost_context1.57                  
libboost_context1.58
libboost_context1.58                
libboost_context1.58                  
libboost_coroutine1.57
libboost_coroutine1.57              
libboost_coroutine1.57                
libboost_coroutine1.58
libboost_coroutine1.58              
libboost_coroutine1.58                
libboost_date_time1.57
libboost_date_time1.57              
libboost_date_time1.57                
libboost_date_time1.58
libboost_date_time1.58              
libboost_date_time1.58                
libboost-devel
libboost-devel                      
libboost-devel                        
libboost_filesystem1.57
libboost_filesystem1.57             
libboost_filesystem1.57               
libboost_filesystem1.58
libboost_filesystem1.58             
libboost_filesystem1.58               
libboost_graph1.57
libboost_graph1.57                  
libboost_graph1.57                    
libboost_graph1.58
libboost_graph1.58                  
libboost_graph1.58                    
libboost_iostreams1.57
libboost_iostreams1.57              
libboost_iostreams1.57                
libboost_iostreams1.58
libboost_iostreams1.58              
libboost_iostreams1.58                
libboost_locale1.57
libboost_locale1.57                 
libboost_locale1.57                   
libboost_locale1.58
libboost_locale1.58                 
libboost_locale1.58                   
libboost_log1.57
libboost_log1.57                    
libboost_log1.57                      
libboost_log1.58
libboost_log1.58                    
libboost_log1.58                      
libboost_math1.57
libboost_math1.57                   
libboost_math1.57                     
libboost_math1.58
libboost_math1.58                   
libboost_math1.58                     
libboost_program_options1.57
libboost_program_options1.57        
libboost_program_options1.57          
libboost_program_options1.58
libboost_program_options1.58        
libboost_program_options1.58          
libboost_random1.57
libboost_random1.57                 
libboost_random1.57                   
libboost_random1.58
libboost_random1.58                 
libboost_random1.58                   
libboost_regex1.57
libboost_regex1.57                  
libboost_regex1.57                    
libboost_regex1.58
libboost_regex1.58                  
libboost_regex1.58                    
libboost_serialization1.57
libboost_serialization1.57          
libboost_serialization1.57            
libboost_serialization1.58
libboost_serialization1.58          
libboost_serialization1.58            
libboost_signals1.57
libboost_signals1.57                
libboost_signals1.57                  
libboost_signals1.58
libboost_signals1.58                
libboost_signals1.58                  
libboost_system1.57
libboost_system1.57                 
libboost_system1.57                   
libboost_system1.58
libboost_system1.58                 
libboost_system1.58                   
libboost_test1.57
libboost_test1.57                   
libboost_test1.57                     
libboost_test1.58
libboost_test1.58                   
libboost_test1.58                     
libboost_thread1.57
libboost_thread1.57                 
libboost_thread1.57                   
libboost_thread1.58
libboost_thread1.58                 
libboost_thread1.58                   
libboost_timer1.57
libboost_timer1.57                  
libboost_timer1.57                    
libboost_timer1.58
libboost_timer1.58                  
libboost_timer1.58                    
libboost_wave1.57
libboost_wave1.57                   
libboost_wave1.57                     
libboost_wave1.58
libboost_wave1.58                   
libboost_wave1.58                     
libbz2_1                            
libbz2_1                              
libcairo2                           
libcairo2                             
libcatgets1
libcatgets1                         
libcatgets1                           
libcdio14
libcdio14                           
libcdio14                             
libcdio16
libcdio16                           
libcdio16                             
libcdio_cdda1
libcdio_cdda1                       
libcdio_cdda1                         
libcdio_paranoia1
libcdio_paranoia1                   
libcdio_paranoia1                     
libcelt0_2
libcelt0_2                          
libcelt0_2                            
libcharset1                         
libcharset1                           
libcloog-isl4
libcloog-isl4                       
libcloog-isl4                         
libcom_err2                         
libcom_err2                           
libcom_err-devel
libcom_err-devel                    
libcom_err-devel                      
libcroco0.6_3
libcroco0.6_3                       
libcroco0.6_3                         
libcrypt0
libcrypt0                           
libcrypt0                             
libcrypt-devel
libcrypt-devel                      
libcrypt-devel                        
libcurl4
libcurl4                            
libcurl4                              
libcurl-devel
libcurl-devel                       
libcurl-devel                         
libdatrie1
libdatrie1                          
libdatrie1                            
libdb5.3
libdb5.3                            
libdb5.3                              
libdb-devel
libdb-devel                         
libdb-devel                           
libdbus1_3
libdbus1_3                          
libdbus1_3                            
libdca0
libdca0                             
libdca0                               
libdvdnav4
libdvdnav4                          
libdvdnav4                            
libdvdread4
libdvdread4                         
libdvdread4                           
libe2p2
libedit0                            
libedit0                              
libedit-devel
libedit-devel                       
libedit-devel                         
libEGL1
libEGL1                             
libEGL1                               
libEMF1
libEMF1                             
libEMF1                               
libevent2.0_5
libevent2.0_5                       
libevent2.0_5                         
libexpat1                           
libexpat1                             
libexpat1-devel
libext2fs2
libfaad2
libfaad2                            
libfaad2                              
libfam0                             
libfam0                               
libffi6
libffi6                             
libffi6                               
libfftw3_3
libfftw3_3                          
libfftw3_3                            
libFLAC8
libFLAC8                            
libFLAC8                              
libfontconfig1                      
libfontconfig1                        
libfontenc1                         
libfontenc1                           
libfpx1
libfpx1                             
libfpx1                               
libfreetype6                        
libfreetype6                          
libfribidi0
libfribidi0                         
libfribidi0                           
libgcc1                             
libgcc1                               
libgcrypt11
libgd2
libgd2                              
libgd2                               
libgd3
libgd3                              
libgd3                                
libgdbm4                            
libgdbm4                              
libgdbm-devel
libgdk_pixbuf2.0_0                  
libgdk_pixbuf2.0_0                    
libgettextpo0
libgettextpo0                       
libgettextpo0                         
libgif4
libgif4                             
libgif4                               
libGL1                              
libGL1                                
libglapi0
libglapi0                           
libglapi0                             
libGL-devel
libGL-devel                         
libGL-devel                           
libglib2.0_0                        
libglib2.0_0                          
libglitz1
libGLU1                             
libGLU1                               
libGLU-devel
libGLU-devel                        
libGLU-devel                          
libglut3
libgmp10
libgmp10                            
libgmp10                              
libgnutls28
libgnutls28                         
libgnutls28                           
libgomp1                            
libgomp1                               
libgpg-error0
libgraphite2_3
libgraphite2_3                      
libgraphite2_3                         
libgs9
libgs9                              
libgs9                                 
libgsm1
libgsm1                             
libgsm1                                
libgssapi3
libgssapi3                          
libgssapi3                             
libgssapi_krb5_2
libgssapi_krb5_2                    
libgssapi_krb5_2                       
libgssrpc4
libgssrpc4                          
libgssrpc4                             
libgstinterfaces0.10_0
libgstinterfaces0.10_0              
libgstinterfaces0.10_0                 
libgstinterfaces1.0_0
libgstinterfaces1.0_0               
libgstinterfaces1.0_0                  
libgstreamer0.10_0
libgstreamer0.10_0                  
libgstreamer0.10_0                     
libgstreamer1.0_0
libgstreamer1.0_0                   
libgstreamer1.0_0                      
libgtk2.0_0                         
libgtk2.0_0                            
libguile17
libguile17                          
libguile17                             
libharfbuzz0
libharfbuzz0                        
libharfbuzz0                           
libhdb9
libhdb9                             
libhdb9                                
libheimbase1
libheimbase1                        
libheimbase1                           
libheimntlm0
libheimntlm0                        
libheimntlm0                           
libhogweed2
libhogweed2                         
libhogweed2                            
libhx509_5
libhx509_5                          
libhx509_5                             
libICE6                             
libICE6                                
libiconv                            
libiconv                               
libiconv2                           
libiconv2                              
libiconv-devel
libiconv-devel                      
libiconv-devel                         
libicu51
libicu51                            
libicu51                               
libicu55
libicu55                            
libicu55                               
libicu56
libicu56                            
libicu56                               
libicu-devel
libicu-devel                        
libicu-devel                           
libidn11
libidn11                            
libidn11                               
libidn-devel
libidn-devel                        
libidn-devel                           
libilbc1
libilbc1                            
libilbc1                               
libilmbase12
libilmbase12                        
libilmbase12                           
libilmbase7
libilmbase7                         
libilmbase7                            
libIlmImf22
libIlmImf22                         
libIlmImf22                            
libIlmImf7
libIlmImf7                          
libIlmImf7                             
libintl8                            
libintl8                               
libintl-devel
libintl-devel                       
libintl-devel                          
libiodbc2
libiodbc2                           
libiodbc2                              
libiodbc-devel
libiodbc-devel                      
libiodbc-devel                         
libisl10
libisl10                            
libisl10                               
libisl13
libisl13                            
libisl13                               
libiso9660_10
libiso9660_10                       
libiso9660_10                          
libiso9660_8
libiso9660_8                        
libiso9660_8                           
libjasper1                          
libjasper1                             
libjbig2                            
libjbig2                               
libjpeg8                            
libjpeg8                               
libjpeg-devel                       
libjpeg-devel                          
libjson-c2
libjson-c2                          
libjson-c2                             
libjson-c-common
libjson-c-common                    
libjson-c-common                       
libk5crypto3
libk5crypto3                        
libk5crypto3                           
libkadm5clnt7
libkadm5clnt7                       
libkadm5clnt7                          
libkadm5clnt_mit9
libkadm5clnt_mit9                   
libkadm5clnt_mit9                      
libkadm5srv8
libkadm5srv8                        
libkadm5srv8                           
libkadm5srv_mit9
libkadm5srv_mit9                    
libkadm5srv_mit9                       
libkafs0
libkafs0                            
libkafs0                               
libkdb5_7
libkdb5_7                           
libkdb5_7                              
libkdb5_8
libkdb5_8                           
libkdb5_8                              
libkdc2
libkdc2                             
libkdc2                                
libkrad0
libkrad0                            
libkrad0                               
libkrb5_26
libkrb5_26                          
libkrb5_26                             
libkrb5_3
libkrb5_3                           
libkrb5_3                              
libkrb5-devel
libkrb5-devel                       
libkrb5-devel                          
libkrb5support0
libkrb5support0                     
libkrb5support0                        
liblcms1
liblcms1                            
liblcms1                               
liblcms2_2
liblcms2_2                          
liblcms2_2                             
libllvm3.5
libllvm3.5                          
libllvm3.5                             
libltdl7
libltdl7                            
libltdl7                               
liblzma5                            
liblzma5                               
liblzo2_2
liblzo2_2                           
liblzo2_2                              
libmad0
libmad0                             
libmad0                                
libMagickC++6_5
libMagickC++6_5                     
libMagickC++6_5                        
libMagickCore5
libMagickCore5                      
libMagickCore5                         
libMagickCore6_2
libMagickCore6_2                    
libMagickCore6_2                       
libMagickWand6_2
libMagickWand6_2                    
libMagickWand6_2                       
libmetalink3
libmetalink3                        
libmetalink3                           
libming1
libming1                            
libming1                               
libmng1
libmng1                             
libmng1                                
libmodplug1
libmodplug1                         
libmodplug1                            
libmp3lame0
libmp3lame0                         
libmp3lame0                            
libmpc3
libmpc3                             
libmpc3                                
libmpcdec7
libmpcdec7                          
libmpcdec7                             
libmpfr4
libmpfr4                            
libmpfr4                               
libncurses-devel
libncurses-devel                    
libncurses-devel                      
libncursesw10                       
libncursesw-devel
libncursesw-devel                   
libnettle4
libnettle4                          
libnettle4                             
libnghttp2_14
libnghttp2_14                       
libnghttp2_14                          
libogg0
libogg0                             
libogg0                                
libopenal1
libopenal1                          
libopenal1                             
libopencore-amrnb0
libopencore-amrnb0                  
libopencore-amrnb0                     
libopencore-amrwb0
libopencore-amrwb0                  
libopencore-amrwb0                     
libopencv2.4
libopencv2.4                        
libopencv2.4                           
libopenjpeg1
libopenjpeg1                        
libopenjpeg1                           
libopenldap2_4_2
libopenldap2_4_2                    
libopenldap2_4_2                       
libopenssl100
libopenssl100                       
libopenssl100                          
libopus0
libopus0                            
libopus0                               
liborc0.4_0
liborc0.4_0                         
liborc0.4_0                            
libotp0
libotp0                             
libotp0                                
libp11-kit0
libp11-kit0                         
libp11-kit0                            
libpango1.0_0                       
libpango1.0_0                          
libpaper1
libpaper1                           
libpaper1                              
libpaper-common
libpaper-common                     
libpaper-common                        
libpcre1
libpcre1                            
libpcre1                               
libpipeline1
libpipeline1                        
libpipeline1                           
libpixman1_0                        
libpixman1_0                           
libpixman1-devel
libpixman1-devel                    
libpixman1-devel                       
libplotter2
libplotter2                         
libplotter2                            
libpng12-devel
libpng15
libpng15                            
libpng15                               
libpng16
libpng16                            
libpng16                               
libpopt0                            
libpopt0                               
libportaudio2
libportaudio2                       
libportaudio2                          
libpostproc52
libpostproc52                       
libpostproc52                          
libppl
libpstoedit0
libpstoedit0                        
libpstoedit0                           
libpulse0
libpulse0                           
libpulse0                              
libpulse-simple0
libpulse-simple0                    
libpulse-simple0                       
libquadmath0
libquadmath0                        
libquadmath0                           
libreadline7                        
libreadline7                           
libroken18
libroken18                          
libroken18                             
librsvg2_2
librsvg2_2                          
librsync1
librtmp0
librtmp0                            
librtmp0                               
libsasl2_3
libsasl2_3                          
libsasl2_3                             
libsasl2-devel
libsasl2-devel                      
libsasl2-devel                         
libschroedinger1.0_0
libschroedinger1.0_0                
libschroedinger1.0_0                   
libSDL1.2_0
libSDL1.2_0                         
libSDL1.2_0                            
libsigsegv2                         
libsigsegv2                            
libsl0
libsl0                              
libsl0                                 
libSM6                              
libSM6                                 
libsmartcols1
libsmartcols1                       
libsmartcols1                          
libsndfile1
libsndfile1                         
libsndfile1                            
libspeex1
libspeex1                           
libspeex1                              
libsqlite3_0
libsqlite3_0                        
libsqlite3_0                           
libsqlite3-devel
libsqlite3-devel                    
libsqlite3-devel                       
libss2                              
libss2                                
libssh2_1
libssh2_1                           
libssh2_1                              
libssh2-devel
libssh2-devel                       
libssh2-devel                          
libssp0                             
libssp0                                
libstdc++6                          
libstdc++6                             
libstdc++6-devel
libswresample0
libswresample0                      
libswresample0                         
libswscale2
libswscale2                         
libswscale2                            
libtasn1_6
libtasn1_6                          
libtasn1_6                             
libthai0
libthai0                            
libthai0                               
libtheora
libtheora                           
libtheora                              
libtheora0
libtheora0                          
libtheora0                             
libtheoradec1
libtheoradec1                       
libtheoradec1                          
libtheoraenc1
libtheoraenc1                       
libtheoraenc1                          
libtiff5                            
libtiff5                               
libtiff6
libtiff6                            
libtiff6                               
libtiff-devel
libtwolame0
libtwolame0                         
libtwolame0                            
libunistring0
libunistring0                       
libunistring0                          
libunistring2
libunistring2                       
libunistring2                          
libustr1                            
libustr1                               
libuuid1                            
libuuid1                               
libuuid-devel
libuuid-devel                       
libuuid-devel                          
libvcdinfo0
libvcdinfo0                         
libvcdinfo0                            
libverto1
libverto1                           
libverto1                              
libvo-aacenc0
libvo-aacenc0                       
libvo-aacenc0                          
libvo-amrwbenc0
libvo-amrwbenc0                     
libvo-amrwbenc0                        
libvorbis
libvorbis                           
libvorbis                              
libvorbis0
libvorbis0                          
libvorbis0                             
libvorbisenc2
libvorbisenc2                       
libvorbisenc2                          
libvpx1
libvpx1                             
libvpx1                                
libvtv0
libvtv0                             
libvtv0                                
libwavpack1
libwavpack1                         
libwavpack1                            
libwebp5
libwebp5                            
libwebp5                               
libwind0
libwind0                            
libwind0                               
libwrap0                            
libwrap0                               
libX11_6                            
libX11_6                               
libX11-devel
libX11-devel                        
libX11-devel                           
libX11-xcb1                         
libX11-xcb1                            
libX11-xcb-devel
libX11-xcb-devel                    
libX11-xcb-devel                       
libx264_136
libx264_136                         
libx264_136                            
libXau6                             
libXau6                                
libXau-devel
libXau-devel                        
libXau-devel                           
libXaw7                             
libXaw7                                
libxcb1                             
libxcb1                                
libxcb-composite0
libxcb-composite0                   
libxcb-composite0                      
libxcb-devel
libxcb-devel                        
libxcb-devel                           
libxcb-ewmh2
libxcb-ewmh2                        
libxcb-ewmh2                           
libxcb-glx0                         
libxcb-glx0                            
libxcb-glx-devel
libxcb-glx-devel                    
libxcb-glx-devel                       
libxcb-icccm4
libxcb-icccm4                       
libxcb-icccm4                          
libxcb-image0
libxcb-image0                       
libxcb-image0                          
libxcb-render0                      
libxcb-render0                         
libxcb-shape0
libxcb-shape0                       
libxcb-shape0                          
libxcb-shm0
libxcb-shm0                         
libxcb-shm0                            
libxcb-util1
libxcb-util1                        
libxcb-util1                           
libXcomposite1                      
libXcomposite1                         
libXcursor1                         
libXcursor1                            
libXdamage1                         
libXdamage1                            
libXdamage-devel
libXdamage-devel                    
libXdamage-devel                       
libXdmcp6                           
libXdmcp6                              
libXdmcp-devel
libXdmcp-devel                      
libXdmcp-devel                         
libXext6                            
libXext6                               
libXext-devel
libXext-devel                       
libXext-devel                          
libXfixes3                          
libXfixes3                             
libXfixes-devel
libXfixes-devel                     
libXfixes-devel                        
libXfont1
libXfont1                           
libXfont1                              
libXft2                             
libXft2                                
libXi6                              
libXi6                                 
libxine2
libxine2                            
libxine2                               
libxine-devel
libxine-devel                       
libxine-devel                          
libXinerama1                        
libXinerama1                           
libXinerama-devel
libXinerama-devel                   
libXinerama-devel                      
libxkbfile1                         
libxkbfile1                            
libXm2
libxml2                             
libxml2                                
libXmu6                             
libXmu6                                
libXmuu1                            
libXmuu1                               
libXpm4                             
libXpm4                                
libXrandr2                          
libXrandr2                             
libXrandr-devel
libXrandr-devel                     
libXrandr-devel                        
libXrender1                         
libXrender1                            
libXrender-devel
libXrender-devel                    
libXrender-devel                       
libXss1
libXss1                             
libXss1                                
libXt6                              
libXt6                                 
libzip2
libzip2                             
libzip2                                
lndir
login                               
login                                  
luit                                
luit                                  
lynx                                
lynx                                   
m4                                  
m4                                     
make                                
make                                   
man                                 
man                                    
man-db
man-db                              
man-db                                 
mesa
mesa                                
mesa                                   
mingw64-x86_64-binutils
mingw64-x86_64-binutils             
mingw64-x86_64-binutils                
mingw64-x86_64-bzip2
mingw64-x86_64-bzip2                
mingw64-x86_64-bzip2                   
mingw64-x86_64-gcc-core
mingw64-x86_64-gcc-core             
mingw64-x86_64-gcc-core                
mingw64-x86_64-gcc-g++
mingw64-x86_64-gcc-g++              
mingw64-x86_64-gcc-g++                 
mingw64-x86_64-headers
mingw64-x86_64-headers              
mingw64-x86_64-headers                 
mingw64-x86_64-pthreads
mingw64-x86_64-pthreads             
mingw64-x86_64-pthreads               
mingw64-x86_64-runtime
mingw64-x86_64-runtime                 
mingw64-x86_64-runtime                  
mingw64-x86_64-windows-default-manifest
mingw64-x86_64-windows-default-manifest 
mingw64-x86_64-winpthreads
mingw64-x86_64-winpthreads             
mingw64-x86_64-winpthreads              
mingw64-x86_64-xz
mingw64-x86_64-xz                      
mingw64-x86_64-xz                       
mingw64-x86_64-zlib
mingw64-x86_64-zlib                    
mingw64-x86_64-zlib                     
minires
mintty                                 
mintty                                  
mkfontdir                              
mkfontdir                               
mkfontscale                            
mkfontscale                             
nasm
nasm                                  
nasm                                    
ncurses                                
ncurses                                 
openldap
openldap                               
openldap                                
openldap-devel
openldap-devel                         
openldap-devel                          
openssh                                
openssh                                 
openssl                                
openssl                                 
openssl-devel                          
openssl-devel                           
p11-kit
p11-kit                                
p11-kit                                 
p11-kit-trust
p11-kit-trust                          
p11-kit-trust                           
patch
patch                                  
patch                                   
pcre
perl                                   
perl                                    
perl_autorebase
perl_autorebase                        
perl_autorebase                         
perl_base
perl_base                              
perl_base                               
perl-Carp
perl-Carp                              
perl-Carp                               
perl-Error
perl-Error                            
perl-Error                              
perl-Pod-Simple
perl-Pod-Simple                        
perl-Pod-Simple                         
perl-TermReadKey
perl-Term-ReadKey
perl-Term-ReadKey                      
perl-Term-ReadKey                       
perl-TermReadKey                       
perl-TermReadKey                        
perl-Unicode-Normalize
perl-Unicode-Normalize                 
perl-Unicode-Normalize                  
pkg-config
pkg-config                             
pkg-config                              
popt
popt                                   
popt                                    
presentproto
presentproto                           
presentproto                            
python
python                                 
python                                  
python3
python3                                
python3                                 
python-tkinter
python-tkinter                         
python-tkinter                          
randrproto
randrproto                             
randrproto                              
rebase                                 
rebase                                  
renderproto
renderproto                            
renderproto                             
resourceproto
resourceproto                          
resourceproto                           
rgb
rsync                                  
rsync                                   
run                                    
run                                     
run2
rxvt
scrnsaverproto
scrnsaverproto                         
scrnsaverproto                          
sed                                    
sed                                     
shared-mime-info                       
shared-mime-info                        
sharutils                              
sharutils                               
tar                                    
tar                                     
tcl
tcl                                    
tcl                                     
tcl-tix
tcl-tix                                
tcl-tix                                 
tcl-tk
tcl-tk                                 
tcl-tk                                  
tcsh
tcsh                                 
tcsh                                    
terminfo                            
terminfo                                
texinfo                                
texinfo                                 
tiff
tzcode                                 
tzcode                                  
unzip
unzip                                  
unzip                                   
_update-info-dir                    
_update-info-dir                       
util-linux                             
util-linux                              
vim                                   
vim                                     
vim-common
vim-common                           
vim-common                              
vim-minimal
vim-minimal                         
vim-minimal                             
w32api-headers
w32api-headers                         
w32api-headers                          
w32api-runtime
w32api-runtime                         
w32api-runtime                          
wget
wget                                   
wget                                    
which                                  
which                                   
windows-default-manifest
windows-default-manifest               
windows-default-manifest                
xauth                                  
xauth                                   
xconsole
xcursor-themes                         
xcursor-themes                          
xextproto
xextproto                              
xextproto                               
xf86bigfontproto
xf86bigfontproto                       
xf86bigfontproto                        
xf86-video-dummy
xf86-video-dummy                       
xf86-video-dummy                        
xf86-video-nested
xf86-video-nested                      
xf86-video-nested                       
xhost                                  
xhost                                   
xineramaproto
xineramaproto                          
xineramaproto                           
xinit
xkbcomp                                
xkbcomp                                 
xkeyboard-config                       
xkeyboard-config                        
xmodmap
xorg-server                            
xorg-server                             
xorg-server-common
xorg-server-common                     
xorg-server-common                      
xorg-server-devel
xorg-server-devel                      
xorg-server-devel                       
xorg-x11-fonts-dpi100
xorg-x11-fonts-dpi100                  
xorg-x11-fonts-dpi100                   
xorg-x11-fonts-dpi75
xorg-x11-fonts-dpi75                   
xorg-x11-fonts-dpi75                    
xorg-x11-fonts-misc
xorg-x11-fonts-misc                    
xorg-x11-fonts-misc                     
xproto
xproto                                 
xproto                                  
xrandr
xrandr                                 
xrandr                                  
xrdb
xterm                                  
xterm                                   
xwininfo
xwininfo                               
xwininfo                                
xxd
xxd                                  
xxd                                     
xz                                     
xz                                      
zip                                    
zip                                     
zlib                                   
zlib                                    
zlib0                                  
zlib0                                   
zlib-devel                             
zlib-devel                              
